[debug] [2018-12-20T11:39:22.838Z] ----------------------------------------------------------------------
[debug] [2018-12-20T11:39:22.841Z] Command:       /usr/local/bin/node /usr/local/bin/firebase init
[debug] [2018-12-20T11:39:22.841Z] CLI Version:   6.1.2
[debug] [2018-12-20T11:39:22.841Z] Platform:      darwin
[debug] [2018-12-20T11:39:22.841Z] Node Version:  v8.11.3
[debug] [2018-12-20T11:39:22.842Z] Time:          Thu Dec 20 2018 12:39:22 GMT+0100 (CET)
[debug] [2018-12-20T11:39:22.842Z] ----------------------------------------------------------------------
[debug] 
[debug] [2018-12-20T11:39:22.853Z] > command requires scopes: ["email","openid","https://www.googleapis.com/auth/cloudplatformprojects.readonly","https://www.googleapis.com/auth/firebase","https://www.googleapis.com/auth/cloud-platform"]
[debug] [2018-12-20T11:39:22.853Z] > authorizing via signed-in user
[info] 
     ######## #### ########  ######## ########     ###     ######  ########
     ##        ##  ##     ## ##       ##     ##  ##   ##  ##       ##
     ######    ##  ########  ######   ########  #########  ######  ######
     ##        ##  ##    ##  ##       ##     ## ##     ##       ## ##
     ##       #### ##     ## ######## ########  ##     ##  ######  ########

You're about to initialize a Firebase project in this directory:

  /Users/jensha/dept-assignment/dept-assignment

Before we get started, keep in mind:

  * You are initializing in an existing Firebase project directory

